<?xml version="1.0" encoding="UTF-8"?>
<!-- Generated by org.testng.reporters.JUnitXMLReporter -->
<testsuite ignored="0" hostname="LAPTOP-HL3AL6R5" failures="0" tests="3" name="Default test" time="82.8" errors="0" timestamp="2023-08-29T12:27:22 IST">
  <testcase classname="com.amazon.qa.test.ValidateAmazonTestClass" name="validateTestCase1" time="19.569"/>
  <testcase classname="com.amazon.qa.test.ValidateAmazonTestClass" name="validateTestCase2" time="16.578"/>
  <testcase classname="com.amazon.qa.test.ValidateAmazonTestClass" name="validateTestCase3" time="19.366"/>
</testsuite> <!-- Default test -->
