<?xml version="1.0" encoding="UTF-8"?>
<!-- Generated by org.testng.reporters.JUnitXMLReporter -->
<testsuite ignored="0" hostname="LAPTOP-HL3AL6R5" failures="0" tests="3" name="ChromeDriverTest" time="103.741" errors="0" timestamp="2023-08-29T14:52:06 IST">
  <testcase classname="com.amazon.qa.test.ValidateAmazonTestClass" name="validateTestCase1" time="24.693"/>
  <testcase classname="com.amazon.qa.test.ValidateAmazonTestClass" name="validateTestCase2" time="22.001"/>
  <testcase classname="com.amazon.qa.test.ValidateAmazonTestClass" name="validateTestCase3" time="24.43"/>
</testsuite> <!-- ChromeDriverTest -->
