<?xml version="1.0" encoding="UTF-8"?>
<!-- Generated by org.testng.reporters.JUnitXMLReporter -->
<testsuite ignored="0" hostname="LAPTOP-HL3AL6R5" failures="0" tests="3" name="EdgeTest" time="117.43" errors="0" timestamp="2023-08-29T14:54:03 IST">
  <testcase classname="com.amazon.qa.test.ValidateAmazonTestClass" name="validateTestCase1" time="27.126"/>
  <testcase classname="com.amazon.qa.test.ValidateAmazonTestClass" name="validateTestCase2" time="20.782"/>
  <testcase classname="com.amazon.qa.test.ValidateAmazonTestClass" name="validateTestCase3" time="31.411"/>
</testsuite> <!-- EdgeTest -->
