<?xml version="1.0" encoding="UTF-8"?>
<!-- Generated by org.testng.reporters.JUnitXMLReporter -->
<testsuite ignored="0" hostname="LAPTOP-HL3AL6R5" failures="0" tests="3" name="FirefoxTest" time="10.909" errors="0" timestamp="2023-08-29T13:56:44 IST">
  <testcase classname="com.amazon.qa.test.ValidateAmazonTestClass" name="validateTestCase1" time="0.0">
    <skipped/>
  </testcase> <!-- validateTestCase1 -->
  <testcase classname="com.amazon.qa.test.ValidateAmazonTestClass" name="validateTestCase2" time="0.0">
    <skipped/>
  </testcase> <!-- validateTestCase2 -->
  <testcase classname="com.amazon.qa.test.ValidateAmazonTestClass" name="validateTestCase3" time="0.0">
    <skipped/>
  </testcase> <!-- validateTestCase3 -->
</testsuite> <!-- FirefoxTest -->
