<?xml version="1.0" encoding="UTF-8"?>
<testng-results ignored="0" total="6" passed="6" failed="0" skipped="0">
  <reporter-output>
    <line>
      <![CDATA[Assert Text Email or mobile phone number]]>
    </line>
    <line>
      <![CDATA[Assert Text Password]]>
    </line>
    <line>
      <![CDATA[Assert logged in username]]>
    </line>
    <line>
      <![CDATA[Assert Text Samsung m32 128gb mobile]]>
    </line>
    <line>
      <![CDATA[price is greater than 10000]]>
    </line>
    <line>
      <![CDATA[Qty:1 successfully validate]]>
    </line>
    <line>
      <![CDATA[assert Samsung Galaxy M34 (Black, 6GB RAM, 128GB Storage mobile successfully validate]]>
    </line>
    <line>
      <![CDATA[price successfully validate]]>
    </line>
    <line>
      <![CDATA[Assert Text Email or mobile phone number]]>
    </line>
    <line>
      <![CDATA[Assert Text Password]]>
    </line>
    <line>
      <![CDATA[Assert logged in username]]>
    </line>
    <line>
      <![CDATA[Assert apple mobile 14 pro max]]>
    </line>
    <line>
      <![CDATA[price is greater than 10000]]>
    </line>
    <line>
      <![CDATA[Qty:1 successfully validate]]>
    </line>
    <line>
      <![CDATA[assert Apple iPhone 14 Pro Max (256 GB) - Space Black mobile successfully validate]]>
    </line>
    <line>
      <![CDATA[price successfully validate]]>
    </line>
    <line>
      <![CDATA[Assert Text Email or mobile phone number]]>
    </line>
    <line>
      <![CDATA[Assert Text Password]]>
    </line>
    <line>
      <![CDATA[Assert logged in username]]>
    </line>
    <line>
      <![CDATA[Assert redmi note 12 pro plus 5g]]>
    </line>
    <line>
      <![CDATA[price is greater than 10000]]>
    </line>
    <line>
      <![CDATA[Qty:1 successfully validate]]>
    </line>
    <line>
      <![CDATA[assert Redmi Note 12 Pro+ 5G (Obsidian Black, 8GB RAM, 256GB Storage) mobile successfully validate]]>
    </line>
    <line>
      <![CDATA[price successfully validate]]>
    </line>
    <line>
      <![CDATA[Assert Text Email or mobile phone number]]>
    </line>
    <line>
      <![CDATA[Assert Text Password]]>
    </line>
    <line>
      <![CDATA[Assert logged in username]]>
    </line>
    <line>
      <![CDATA[Assert Text Samsung m32 128gb mobile]]>
    </line>
    <line>
      <![CDATA[price is greater than 10000]]>
    </line>
    <line>
      <![CDATA[Qty:1 successfully validate]]>
    </line>
    <line>
      <![CDATA[price successfully validate]]>
    </line>
    <line>
      <![CDATA[Assert Text Email or mobile phone number]]>
    </line>
    <line>
      <![CDATA[Assert Text Password]]>
    </line>
    <line>
      <![CDATA[Assert logged in username]]>
    </line>
    <line>
      <![CDATA[Assert apple mobile 14 pro max]]>
    </line>
    <line>
      <![CDATA[price is greater than 10000]]>
    </line>
    <line>
      <![CDATA[Qty:1 successfully validate]]>
    </line>
    <line>
      <![CDATA[assert Apple iPhone 14 Pro Max (256 GB) - Space Black mobile successfully validate]]>
    </line>
    <line>
      <![CDATA[price successfully validate]]>
    </line>
    <line>
      <![CDATA[Assert Text Email or mobile phone number]]>
    </line>
    <line>
      <![CDATA[Assert Text Password]]>
    </line>
    <line>
      <![CDATA[Assert logged in username]]>
    </line>
    <line>
      <![CDATA[Assert redmi note 12 pro plus 5g]]>
    </line>
    <line>
      <![CDATA[price is greater than 10000]]>
    </line>
    <line>
      <![CDATA[Qty:1 successfully validate]]>
    </line>
    <line>
      <![CDATA[assert Redmi Note 12 Pro+ 5G (Obsidian Black, 8GB RAM, 256GB Storage) mobile successfully validate]]>
    </line>
    <line>
      <![CDATA[price successfully validate]]>
    </line>
  </reporter-output>
  <suite started-at="2023-08-29T14:50:22 IST" name="Suite" finished-at="2023-08-29T14:54:03 IST" duration-ms="221223">
    <groups>
    </groups>
    <test started-at="2023-08-29T14:50:22 IST" name="ChromeDriverTest" finished-at="2023-08-29T14:52:06 IST" duration-ms="103741">
      <class name="com.amazon.qa.test.ValidateAmazonTestClass">
        <test-method is-config="true" signature="launchAmazon(java.lang.String)[pri:0, instance:com.amazon.qa.test.ValidateAmazonTestClass@702657cc]" started-at="2023-08-29T14:50:22 IST" name="launchAmazon" finished-at="2023-08-29T14:50:35 IST" duration-ms="13236" status="PASS">
          <params>
            <param index="0">
              <value>
                <![CDATA[chrome]]>
              </value>
            </param>
          </params>
          <reporter-output>
          </reporter-output>
        </test-method> <!-- launchAmazon -->
        <test-method is-config="true" signature="loginToAmazon()[pri:0, instance:com.amazon.qa.test.ValidateAmazonTestClass@702657cc]" started-at="2023-08-29T14:50:35 IST" name="loginToAmazon" finished-at="2023-08-29T14:50:40 IST" duration-ms="5017" status="PASS">
          <reporter-output>
            <line>
              <![CDATA[Assert Text Email or mobile phone number]]>
            </line>
            <line>
              <![CDATA[Assert Text Password]]>
            </line>
            <line>
              <![CDATA[Assert logged in username]]>
            </line>
          </reporter-output>
        </test-method> <!-- loginToAmazon -->
        <test-method signature="validateTestCase1()[pri:1, instance:com.amazon.qa.test.ValidateAmazonTestClass@702657cc]" started-at="2023-08-29T14:50:40 IST" name="validateTestCase1" finished-at="2023-08-29T14:51:05 IST" duration-ms="24693" status="PASS">
          <reporter-output>
            <line>
              <![CDATA[Assert Text Samsung m32 128gb mobile]]>
            </line>
            <line>
              <![CDATA[price is greater than 10000]]>
            </line>
            <line>
              <![CDATA[Qty:1 successfully validate]]>
            </line>
            <line>
              <![CDATA[assert Samsung Galaxy M34 (Black, 6GB RAM, 128GB Storage mobile successfully validate]]>
            </line>
            <line>
              <![CDATA[price successfully validate]]>
            </line>
          </reporter-output>
        </test-method> <!-- validateTestCase1 -->
        <test-method is-config="true" signature="logoutToAmazon()[pri:0, instance:com.amazon.qa.test.ValidateAmazonTestClass@702657cc]" started-at="2023-08-29T14:51:05 IST" name="logoutToAmazon" finished-at="2023-08-29T14:51:07 IST" duration-ms="1876" status="PASS">
          <reporter-output>
          </reporter-output>
        </test-method> <!-- logoutToAmazon -->
        <test-method is-config="true" signature="loginToAmazon()[pri:0, instance:com.amazon.qa.test.ValidateAmazonTestClass@702657cc]" started-at="2023-08-29T14:51:07 IST" name="loginToAmazon" finished-at="2023-08-29T14:51:11 IST" duration-ms="3894" status="PASS">
          <reporter-output>
            <line>
              <![CDATA[Assert Text Email or mobile phone number]]>
            </line>
            <line>
              <![CDATA[Assert Text Password]]>
            </line>
            <line>
              <![CDATA[Assert logged in username]]>
            </line>
          </reporter-output>
        </test-method> <!-- loginToAmazon -->
        <test-method signature="validateTestCase2()[pri:2, instance:com.amazon.qa.test.ValidateAmazonTestClass@702657cc]" started-at="2023-08-29T14:51:11 IST" name="validateTestCase2" finished-at="2023-08-29T14:51:33 IST" duration-ms="22001" status="PASS">
          <reporter-output>
            <line>
              <![CDATA[Assert apple mobile 14 pro max]]>
            </line>
            <line>
              <![CDATA[price is greater than 10000]]>
            </line>
            <line>
              <![CDATA[Qty:1 successfully validate]]>
            </line>
            <line>
              <![CDATA[assert Apple iPhone 14 Pro Max (256 GB) - Space Black mobile successfully validate]]>
            </line>
            <line>
              <![CDATA[price successfully validate]]>
            </line>
          </reporter-output>
        </test-method> <!-- validateTestCase2 -->
        <test-method is-config="true" signature="logoutToAmazon()[pri:0, instance:com.amazon.qa.test.ValidateAmazonTestClass@702657cc]" started-at="2023-08-29T14:51:33 IST" name="logoutToAmazon" finished-at="2023-08-29T14:51:35 IST" duration-ms="1990" status="PASS">
          <reporter-output>
          </reporter-output>
        </test-method> <!-- logoutToAmazon -->
        <test-method is-config="true" signature="loginToAmazon()[pri:0, instance:com.amazon.qa.test.ValidateAmazonTestClass@702657cc]" started-at="2023-08-29T14:51:35 IST" name="loginToAmazon" finished-at="2023-08-29T14:51:39 IST" duration-ms="3848" status="PASS">
          <reporter-output>
            <line>
              <![CDATA[Assert Text Email or mobile phone number]]>
            </line>
            <line>
              <![CDATA[Assert Text Password]]>
            </line>
            <line>
              <![CDATA[Assert logged in username]]>
            </line>
          </reporter-output>
        </test-method> <!-- loginToAmazon -->
        <test-method signature="validateTestCase3()[pri:3, instance:com.amazon.qa.test.ValidateAmazonTestClass@702657cc]" started-at="2023-08-29T14:51:39 IST" name="validateTestCase3" finished-at="2023-08-29T14:52:03 IST" duration-ms="24430" status="PASS">
          <reporter-output>
            <line>
              <![CDATA[Assert redmi note 12 pro plus 5g]]>
            </line>
            <line>
              <![CDATA[price is greater than 10000]]>
            </line>
            <line>
              <![CDATA[Qty:1 successfully validate]]>
            </line>
            <line>
              <![CDATA[assert Redmi Note 12 Pro+ 5G (Obsidian Black, 8GB RAM, 256GB Storage) mobile successfully validate]]>
            </line>
            <line>
              <![CDATA[price successfully validate]]>
            </line>
          </reporter-output>
        </test-method> <!-- validateTestCase3 -->
        <test-method is-config="true" signature="logoutToAmazon()[pri:0, instance:com.amazon.qa.test.ValidateAmazonTestClass@702657cc]" started-at="2023-08-29T14:52:03 IST" name="logoutToAmazon" finished-at="2023-08-29T14:52:05 IST" duration-ms="1811" status="PASS">
          <reporter-output>
          </reporter-output>
        </test-method> <!-- logoutToAmazon -->
        <test-method is-config="true" signature="closeBrowser()[pri:0, instance:com.amazon.qa.test.ValidateAmazonTestClass@702657cc]" started-at="2023-08-29T14:52:05 IST" name="closeBrowser" finished-at="2023-08-29T14:52:06 IST" duration-ms="841" status="PASS">
          <reporter-output>
          </reporter-output>
        </test-method> <!-- closeBrowser -->
      </class> <!-- com.amazon.qa.test.ValidateAmazonTestClass -->
    </test> <!-- ChromeDriverTest -->
    <test started-at="2023-08-29T14:52:06 IST" name="EdgeTest" finished-at="2023-08-29T14:54:03 IST" duration-ms="117430">
      <class name="com.amazon.qa.test.ValidateAmazonTestClass">
        <test-method is-config="true" signature="launchAmazon(java.lang.String)[pri:0, instance:com.amazon.qa.test.ValidateAmazonTestClass@55fe41ea]" started-at="2023-08-29T14:52:06 IST" name="launchAmazon" finished-at="2023-08-29T14:52:21 IST" duration-ms="14772" status="PASS">
          <params>
            <param index="0">
              <value>
                <![CDATA[edge]]>
              </value>
            </param>
          </params>
          <reporter-output>
          </reporter-output>
        </test-method> <!-- launchAmazon -->
        <test-method is-config="true" signature="loginToAmazon()[pri:0, instance:com.amazon.qa.test.ValidateAmazonTestClass@55fe41ea]" started-at="2023-08-29T14:52:21 IST" name="loginToAmazon" finished-at="2023-08-29T14:52:29 IST" duration-ms="8306" status="PASS">
          <reporter-output>
            <line>
              <![CDATA[Assert Text Email or mobile phone number]]>
            </line>
            <line>
              <![CDATA[Assert Text Password]]>
            </line>
            <line>
              <![CDATA[Assert logged in username]]>
            </line>
          </reporter-output>
        </test-method> <!-- loginToAmazon -->
        <test-method signature="validateTestCase1()[pri:1, instance:com.amazon.qa.test.ValidateAmazonTestClass@55fe41ea]" started-at="2023-08-29T14:52:29 IST" name="validateTestCase1" finished-at="2023-08-29T14:52:56 IST" duration-ms="27126" status="PASS">
          <reporter-output>
            <line>
              <![CDATA[Assert Text Samsung m32 128gb mobile]]>
            </line>
            <line>
              <![CDATA[price is greater than 10000]]>
            </line>
            <line>
              <![CDATA[Qty:1 successfully validate]]>
            </line>
            <line>
              <![CDATA[price successfully validate]]>
            </line>
          </reporter-output>
        </test-method> <!-- validateTestCase1 -->
        <test-method is-config="true" signature="logoutToAmazon()[pri:0, instance:com.amazon.qa.test.ValidateAmazonTestClass@55fe41ea]" started-at="2023-08-29T14:52:56 IST" name="logoutToAmazon" finished-at="2023-08-29T14:52:58 IST" duration-ms="1702" status="PASS">
          <reporter-output>
          </reporter-output>
        </test-method> <!-- logoutToAmazon -->
        <test-method is-config="true" signature="loginToAmazon()[pri:0, instance:com.amazon.qa.test.ValidateAmazonTestClass@55fe41ea]" started-at="2023-08-29T14:52:58 IST" name="loginToAmazon" finished-at="2023-08-29T14:53:02 IST" duration-ms="4094" status="PASS">
          <reporter-output>
            <line>
              <![CDATA[Assert Text Email or mobile phone number]]>
            </line>
            <line>
              <![CDATA[Assert Text Password]]>
            </line>
            <line>
              <![CDATA[Assert logged in username]]>
            </line>
          </reporter-output>
        </test-method> <!-- loginToAmazon -->
        <test-method signature="validateTestCase2()[pri:2, instance:com.amazon.qa.test.ValidateAmazonTestClass@55fe41ea]" started-at="2023-08-29T14:53:02 IST" name="validateTestCase2" finished-at="2023-08-29T14:53:23 IST" duration-ms="20782" status="PASS">
          <reporter-output>
            <line>
              <![CDATA[Assert apple mobile 14 pro max]]>
            </line>
            <line>
              <![CDATA[price is greater than 10000]]>
            </line>
            <line>
              <![CDATA[Qty:1 successfully validate]]>
            </line>
            <line>
              <![CDATA[assert Apple iPhone 14 Pro Max (256 GB) - Space Black mobile successfully validate]]>
            </line>
            <line>
              <![CDATA[price successfully validate]]>
            </line>
          </reporter-output>
        </test-method> <!-- validateTestCase2 -->
        <test-method is-config="true" signature="logoutToAmazon()[pri:0, instance:com.amazon.qa.test.ValidateAmazonTestClass@55fe41ea]" started-at="2023-08-29T14:53:23 IST" name="logoutToAmazon" finished-at="2023-08-29T14:53:24 IST" duration-ms="1809" status="PASS">
          <reporter-output>
          </reporter-output>
        </test-method> <!-- logoutToAmazon -->
        <test-method is-config="true" signature="loginToAmazon()[pri:0, instance:com.amazon.qa.test.ValidateAmazonTestClass@55fe41ea]" started-at="2023-08-29T14:53:24 IST" name="loginToAmazon" finished-at="2023-08-29T14:53:29 IST" duration-ms="4626" status="PASS">
          <reporter-output>
            <line>
              <![CDATA[Assert Text Email or mobile phone number]]>
            </line>
            <line>
              <![CDATA[Assert Text Password]]>
            </line>
            <line>
              <![CDATA[Assert logged in username]]>
            </line>
          </reporter-output>
        </test-method> <!-- loginToAmazon -->
        <test-method signature="validateTestCase3()[pri:3, instance:com.amazon.qa.test.ValidateAmazonTestClass@55fe41ea]" started-at="2023-08-29T14:53:29 IST" name="validateTestCase3" finished-at="2023-08-29T14:54:00 IST" duration-ms="31411" status="PASS">
          <reporter-output>
            <line>
              <![CDATA[Assert redmi note 12 pro plus 5g]]>
            </line>
            <line>
              <![CDATA[price is greater than 10000]]>
            </line>
            <line>
              <![CDATA[Qty:1 successfully validate]]>
            </line>
            <line>
              <![CDATA[assert Redmi Note 12 Pro+ 5G (Obsidian Black, 8GB RAM, 256GB Storage) mobile successfully validate]]>
            </line>
            <line>
              <![CDATA[price successfully validate]]>
            </line>
          </reporter-output>
        </test-method> <!-- validateTestCase3 -->
        <test-method is-config="true" signature="logoutToAmazon()[pri:0, instance:com.amazon.qa.test.ValidateAmazonTestClass@55fe41ea]" started-at="2023-08-29T14:54:00 IST" name="logoutToAmazon" finished-at="2023-08-29T14:54:02 IST" duration-ms="1852" status="PASS">
          <reporter-output>
          </reporter-output>
        </test-method> <!-- logoutToAmazon -->
        <test-method is-config="true" signature="closeBrowser()[pri:0, instance:com.amazon.qa.test.ValidateAmazonTestClass@55fe41ea]" started-at="2023-08-29T14:54:02 IST" name="closeBrowser" finished-at="2023-08-29T14:54:03 IST" duration-ms="928" status="PASS">
          <reporter-output>
          </reporter-output>
        </test-method> <!-- closeBrowser -->
      </class> <!-- com.amazon.qa.test.ValidateAmazonTestClass -->
    </test> <!-- EdgeTest -->
  </suite> <!-- Suite -->
</testng-results>
